0 info it worked if it ends with ok
1 verbose cli [ '/usr/local/bin/node', '/usr/local/bin/npm', 'run', 'pub-node' ]
2 info using npm@3.8.3
3 info using node@v5.10.0
4 verbose run-script [ 'prepub-node', 'pub-node', 'postpub-node' ]
5 info lifecycle steamer-react@0.0.1~prepub-node: steamer-react@0.0.1
6 silly lifecycle steamer-react@0.0.1~prepub-node: no script for prepub-node, continuing
7 info lifecycle steamer-react@0.0.1~pub-node: steamer-react@0.0.1
8 verbose lifecycle steamer-react@0.0.1~pub-node: unsafe-perm in lifecycle true
9 verbose lifecycle steamer-react@0.0.1~pub-node: PATH: /usr/local/lib/node_modules/npm/bin/node-gyp-bin:/Users/lcxfs1991/web/txnews/steamer-react/node_modules/.bin:/usr/local/bin:/usr/local/bin:/usr/bin:/bin:/usr/sbin:/sbin:/usr/local/git/bin:/Users/lcxfs1991/.rbenv/shims:/opt/local/bin:/opt/local/sbin:/Library/Frameworks/Python.framework/Versions/2.7/bin:/Users/lcxfs1991/.rvm/bin
10 verbose lifecycle steamer-react@0.0.1~pub-node: CWD: /Users/lcxfs1991/web/txnews/steamer-react
11 silly lifecycle steamer-react@0.0.1~pub-node: Args: [ '-c',
11 silly lifecycle   'export NODE_ENV=__PROD_NODE__&&webpack&&export NODE_ENV=__NODE_PROD__&&webpack' ]
12 silly lifecycle steamer-react@0.0.1~pub-node: Returned: code: 1  signal: null
13 info lifecycle steamer-react@0.0.1~pub-node: Failed to exec pub-node script
14 verbose stack Error: steamer-react@0.0.1 pub-node: `export NODE_ENV=__PROD_NODE__&&webpack&&export NODE_ENV=__NODE_PROD__&&webpack`
14 verbose stack Exit status 1
14 verbose stack     at EventEmitter.<anonymous> (/usr/local/lib/node_modules/npm/lib/utils/lifecycle.js:239:16)
14 verbose stack     at emitTwo (events.js:100:13)
14 verbose stack     at EventEmitter.emit (events.js:185:7)
14 verbose stack     at ChildProcess.<anonymous> (/usr/local/lib/node_modules/npm/lib/utils/spawn.js:24:14)
14 verbose stack     at emitTwo (events.js:100:13)
14 verbose stack     at ChildProcess.emit (events.js:185:7)
14 verbose stack     at maybeClose (internal/child_process.js:850:16)
14 verbose stack     at Process.ChildProcess._handle.onexit (internal/child_process.js:215:5)
15 verbose pkgid steamer-react@0.0.1
16 verbose cwd /Users/lcxfs1991/web/txnews/steamer-react
17 error Darwin 14.5.0
18 error argv "/usr/local/bin/node" "/usr/local/bin/npm" "run" "pub-node"
19 error node v5.10.0
20 error npm  v3.8.3
21 error code ELIFECYCLE
22 error steamer-react@0.0.1 pub-node: `export NODE_ENV=__PROD_NODE__&&webpack&&export NODE_ENV=__NODE_PROD__&&webpack`
22 error Exit status 1
23 error Failed at the steamer-react@0.0.1 pub-node script 'export NODE_ENV=__PROD_NODE__&&webpack&&export NODE_ENV=__NODE_PROD__&&webpack'.
23 error Make sure you have the latest version of node.js and npm installed.
23 error If you do, this is most likely a problem with the steamer-react package,
23 error not with npm itself.
23 error Tell the author that this fails on your system:
23 error     export NODE_ENV=__PROD_NODE__&&webpack&&export NODE_ENV=__NODE_PROD__&&webpack
23 error You can get information on how to open an issue for this project with:
23 error     npm bugs steamer-react
23 error Or if that isn't available, you can get their info via:
23 error     npm owner ls steamer-react
23 error There is likely additional logging output above.
24 verbose exit [ 1, true ]
